<?xml version="1.0" encoding="UTF-8"?>
<testsuite xmlns:xsi="http://www.w3.org/2001/XMLSchema-instance" xsi:noNamespaceSchemaLocation="https://maven.apache.org/surefire/maven-surefire-plugin/xsd/surefire-test-report.xsd" name="mcruz.CCuentaTestIngreso" time="0.115" tests="3" errors="0" skipped="0" failures="0">
  <properties>
[...]
</properties>
  <testcase name="testIngreso{double, double, double}[1]" classname="mcruz.CCuentaTestIngreso" time="0.051"/>
  <testcase name="testIngreso{double, double, double}[2]" classname="mcruz.CCuentaTestIngreso" time="0.001"/>
  <testcase name="testIngreso{double, double, double}[3]" classname="mcruz.CCuentaTestIngreso" time="0.001"/>
</testsuite>